[debug] > Exec(early(addDefaultCommands), None, None)
[debug] > Exec(addDefaultCommands, None, None)
[debug] > Exec(early(initialize), None, None)
[debug] > Exec(initialize, None, None)
[debug] > Exec(boot, None, None)
[debug] > Exec(writeSbtVersion, None, None)
[debug] > Exec(reload, None, None)
[debug] > Exec(sbtStashOnFailure, None, None)
[debug] > Exec(onFailure loadFailed, None, None)
[debug] > Exec(loadp, None, None)
[info] welcome to sbt 1.4.2 (Oracle Corporation Java 1.8.0_241)
[debug]       Load.loadUnit: plugins took 169.723399ms
[debug]       Load.loadUnit: defsScala took 0.276165ms
[debug] [Loading] Scanning directory /Users/bsnbk/.sbt/1.0/plugins
[debug] [Loading] Found non-root projects 
[debug] [Loading] Done in /Users/bsnbk/.sbt/1.0/plugins, returning: ()
[debug] deducing auto plugins based on known facts Set(Atom(sbt.plugins.CorePlugin)) and clauses Clauses(List(Clause(Atom(sbt.plugins.JvmPlugin),Set(Atom(sbt.plugins.IvyPlugin))), Clause(Atom(sbt.ScriptedPlugin),Set(Atom(sbt.plugins.JvmPlugin))), Clause(Atom(sbt.plugins.SbtPlugin),Set(Atom(sbt.ScriptedPlugin))), Clause(Atom(sbt.plugins.SemanticdbPlugin),Set(Atom(sbt.plugins.JvmPlugin))), Clause(Atom(sbt.plugins.JUnitXmlReportPlugin),Set(Atom(sbt.plugins.JvmPlugin))), Clause(Atom(sbt.plugins.MiniDependencyTreePlugin),Set(Atom(sbt.plugins.JvmPlugin))), Clause(Atom(sbt.plugins.CorePlugin),Set(Atom(sbt.plugins.IvyPlugin))), Clause(Atom(sbt.plugins.IvyPlugin),Set(Atom(sbt.plugins.JvmPlugin))), Clause(Atom(sbt.plugins.JvmPlugin),Set(Atom(sbt.plugins.SemanticdbPlugin))), Clause(Atom(sbt.plugins.JvmPlugin),Set(Atom(sbt.plugins.JUnitXmlReportPlugin))), Clause(Atom(sbt.plugins.CorePlugin),Set(Atom(sbt.plugins.Giter8TemplatePlugin))), Clause(Atom(sbt.plugins.JvmPlugin),Set(Atom(sbt.plugins.MiniDependencyTreePlugin)))))
[debug]   :: deduced result: Matched(sbt.plugins.CorePlugin,sbt.plugins.Giter8TemplatePlugin,sbt.plugins.IvyPlugin,sbt.plugins.JvmPlugin,sbt.plugins.MiniDependencyTreePlugin,sbt.plugins.JUnitXmlReportPlugin,sbt.plugins.SemanticdbPlugin)
[debug] Plugins.deducer#function took 20.290724 ms
[debug]           Load.resolveProject(global-plugins) took 48.451066ms
[debug]         Load.loadTransitive: finalizeProject(Project(id global-plugins, base: /Users/bsnbk/.sbt/1.0/plugins, plugins: List(<none>))) took 96.3904ms
[debug] [Loading] Done in /Users/bsnbk/.sbt/1.0/plugins, returning: (global-plugins)
[debug]       Load.loadUnit: loadedProjectsRaw took 115.343589ms
[debug]       Load.loadUnit: cleanEvalClasses took 0.271734ms
[debug]     Load.loadUnit(file:/Users/bsnbk/.sbt/1.0/plugins/, ...) took 291.590725ms
[debug]   Load.apply: load took 5570.791298ms
[debug]   Load.apply: resolveProjects took 6.203586ms
[debug]   Load.apply: finalTransforms took 52.758109ms
[debug]   Load.apply: config.delegates took 7.677647ms
[debug]   Load.apply: Def.make(settings)... took 317.635787ms
[debug]   Load.apply: structureIndex took 78.854078ms
[debug]   Load.apply: mkStreams took 1.414139ms
[info] loading global plugins from /Users/bsnbk/.sbt/1.0/plugins
[debug] Running task... Cancel: Signal, check cycles: false, forcegc: true
[debug] Load.defaultLoad until apply took 12193.566027ms
[debug]           Load.loadUnit: plugins took 12.301956ms
[debug]           Load.loadUnit: defsScala took 0.003774ms
[debug] [Loading] Scanning directory /Users/bsnbk/Documents/KBTU/2020/backend/week 11/ProcessorFibonacci/project
[debug] [Loading] Found non-root projects 
[debug] [Loading] Done in /Users/bsnbk/Documents/KBTU/2020/backend/week 11/ProcessorFibonacci/project, returning: ()
[debug] deducing auto plugins based on known facts Set(Atom(sbt.plugins.CorePlugin)) and clauses Clauses(List(Clause(Atom(sbt.plugins.JvmPlugin),Set(Atom(sbt.plugins.IvyPlugin))), Clause(Atom(sbt.ScriptedPlugin),Set(Atom(sbt.plugins.JvmPlugin))), Clause(Atom(sbt.plugins.SbtPlugin),Set(Atom(sbt.ScriptedPlugin))), Clause(Atom(sbt.plugins.SemanticdbPlugin),Set(Atom(sbt.plugins.JvmPlugin))), Clause(Atom(sbt.plugins.JUnitXmlReportPlugin),Set(Atom(sbt.plugins.JvmPlugin))), Clause(Atom(sbt.plugins.MiniDependencyTreePlugin),Set(Atom(sbt.plugins.JvmPlugin))), Clause(Atom(sbt.plugins.CorePlugin),Set(Atom(sbt.plugins.IvyPlugin))), Clause(Atom(sbt.plugins.IvyPlugin),Set(Atom(sbt.plugins.JvmPlugin))), Clause(Atom(sbt.plugins.JvmPlugin),Set(Atom(sbt.plugins.SemanticdbPlugin))), Clause(Atom(sbt.plugins.JvmPlugin),Set(Atom(sbt.plugins.JUnitXmlReportPlugin))), Clause(Atom(sbt.plugins.CorePlugin),Set(Atom(sbt.plugins.Giter8TemplatePlugin))), Clause(Atom(sbt.plugins.JvmPlugin),Set(Atom(sbt.plugins.MiniDependencyTreePlugin)))))
[debug]   :: deduced result: Matched(sbt.plugins.CorePlugin,sbt.plugins.Giter8TemplatePlugin,sbt.plugins.IvyPlugin,sbt.plugins.JvmPlugin,sbt.plugins.MiniDependencyTreePlugin,sbt.plugins.JUnitXmlReportPlugin,sbt.plugins.SemanticdbPlugin)
[debug] Plugins.deducer#function took 1.85428 ms
[debug]               Load.resolveProject(processorfibonacci-build) took 1.096949ms
[debug]             Load.loadTransitive: finalizeProject(Project(id processorfibonacci-build, base: /Users/bsnbk/Documents/KBTU/2020/backend/week 11/ProcessorFibonacci/project, plugins: List(<none>))) took 3.390147ms
[debug] [Loading] Done in /Users/bsnbk/Documents/KBTU/2020/backend/week 11/ProcessorFibonacci/project, returning: (processorfibonacci-build)
[debug]           Load.loadUnit: loadedProjectsRaw took 4.936397ms
[debug]           Load.loadUnit: cleanEvalClasses took 0.007768ms
[debug]         Load.loadUnit(file:/Users/bsnbk/Documents/KBTU/2020/backend/week%2011/ProcessorFibonacci/project/, ...) took 17.876652ms
[debug]       Load.apply: load took 18.912398ms
[debug]       Load.apply: resolveProjects took 0.101974ms
[debug]       Load.apply: finalTransforms took 7.472249ms
[debug]       Load.apply: config.delegates took 0.35127ms
[debug]       Load.apply: Def.make(settings)... took 49.994852ms
[debug]       Load.apply: structureIndex took 19.651507ms
[debug]       Load.apply: mkStreams took 0.002024ms
[info] loading project definition from /Users/bsnbk/Documents/KBTU/2020/backend/week 11/ProcessorFibonacci/project
[debug] Running task... Cancel: Signal, check cycles: false, forcegc: true
[debug]     Load.loadUnit: plugins took 228.667067ms
[debug]     Load.loadUnit: defsScala took 0.002535ms
[debug] [Loading] Scanning directory /Users/bsnbk/Documents/KBTU/2020/backend/week 11/ProcessorFibonacci
[debug]       Load.loadUnit: mkEval took 7.034944ms
[debug] [Loading] Found non-root projects 
[debug] [Loading] Done in /Users/bsnbk/Documents/KBTU/2020/backend/week 11/ProcessorFibonacci, returning: ()
[debug] deducing auto plugins based on known facts Set(Atom(sbt.plugins.CorePlugin)) and clauses Clauses(List(Clause(Atom(sbt.plugins.JvmPlugin),Set(Atom(sbt.plugins.IvyPlugin))), Clause(Atom(sbt.ScriptedPlugin),Set(Atom(sbt.plugins.JvmPlugin))), Clause(Atom(sbt.plugins.SbtPlugin),Set(Atom(sbt.ScriptedPlugin))), Clause(Atom(sbt.plugins.SemanticdbPlugin),Set(Atom(sbt.plugins.JvmPlugin))), Clause(Atom(sbt.plugins.JUnitXmlReportPlugin),Set(Atom(sbt.plugins.JvmPlugin))), Clause(Atom(sbt.plugins.MiniDependencyTreePlugin),Set(Atom(sbt.plugins.JvmPlugin))), Clause(Atom(sbt.plugins.CorePlugin),Set(Atom(sbt.plugins.IvyPlugin))), Clause(Atom(sbt.plugins.IvyPlugin),Set(Atom(sbt.plugins.JvmPlugin))), Clause(Atom(sbt.plugins.JvmPlugin),Set(Atom(sbt.plugins.SemanticdbPlugin))), Clause(Atom(sbt.plugins.JvmPlugin),Set(Atom(sbt.plugins.JUnitXmlReportPlugin))), Clause(Atom(sbt.plugins.CorePlugin),Set(Atom(sbt.plugins.Giter8TemplatePlugin))), Clause(Atom(sbt.plugins.JvmPlugin),Set(Atom(sbt.plugins.MiniDependencyTreePlugin)))))
[debug]   :: deduced result: Matched(sbt.plugins.CorePlugin,sbt.plugins.Giter8TemplatePlugin,sbt.plugins.IvyPlugin,sbt.plugins.JvmPlugin,sbt.plugins.MiniDependencyTreePlugin,sbt.plugins.JUnitXmlReportPlugin,sbt.plugins.SemanticdbPlugin)
[debug] Plugins.deducer#function took 1.741914 ms
[info] loading settings for project processorfibonacci from build.sbt ...
[debug]         Load.resolveProject(processorfibonacci) took 2.526196ms
[debug]       Load.loadTransitive: finalizeProject(Project(id processorfibonacci, base: /Users/bsnbk/Documents/KBTU/2020/backend/week 11/ProcessorFibonacci, plugins: List(<none>))) took 4.756304ms
[debug] [Loading] Done in /Users/bsnbk/Documents/KBTU/2020/backend/week 11/ProcessorFibonacci, returning: (processorfibonacci)
[debug]     Load.loadUnit: loadedProjectsRaw took 124.486085ms
[debug]     Load.loadUnit: cleanEvalClasses took 4.703832ms
[debug]   Load.loadUnit(file:/Users/bsnbk/Documents/KBTU/2020/backend/week%2011/ProcessorFibonacci/, ...) took 358.477455ms
[debug] Load.apply: load took 359.631488ms
[debug] Load.apply: resolveProjects took 0.119401ms
[debug] Load.apply: finalTransforms took 5.93197ms
[debug] Load.apply: config.delegates took 0.300357ms
[debug] Load.apply: Def.make(settings)... took 81.013508ms
[debug] Load.apply: structureIndex took 19.052669ms
[debug] Load.apply: mkStreams took 0.001996ms
[info] set current project to ProcessorFibonacci (in build file:/Users/bsnbk/Documents/KBTU/2020/backend/week%2011/ProcessorFibonacci/)
[debug] > Exec(sbtPopOnFailure, None, None)
[debug] > Exec(resumeFromFailure, None, None)
[debug] > Exec(notifyUsersAboutShell, None, None)
[debug] > Exec(iflast shell, None, None)
[debug] > Exec(run, None, None)
[debug] Evaluating tasks: Compile / run
[debug] Running task... Cancel: Signal, check cycles: false, forcegc: true
[info] compiling 1 Scala source to /Users/bsnbk/Documents/KBTU/2020/backend/week 11/ProcessorFibonacci/target/scala-2.13/classes ...
[info] done compiling
