[debug] > Exec(early(addDefaultCommands), None, None)
[debug] > Exec(addDefaultCommands, None, None)
[debug] > Exec(early(initialize), None, None)
[debug] > Exec(initialize, None, None)
[debug] > Exec(boot, None, None)
[debug] > Exec(writeSbtVersion, None, None)
[debug] > Exec(reload, None, None)
[debug] > Exec(sbtStashOnFailure, None, None)
[debug] > Exec(onFailure loadFailed, None, None)
[debug] > Exec(loadp, None, None)
[info] welcome to sbt 1.4.2 (Oracle Corporation Java 1.8.0_241)
[debug]       Load.loadUnit: plugins took 188.367787ms
[debug]       Load.loadUnit: defsScala took 0.375626ms
[debug] [Loading] Scanning directory /Users/bsnbk/.sbt/1.0/plugins
[debug] [Loading] Found non-root projects 
[debug] [Loading] Done in /Users/bsnbk/.sbt/1.0/plugins, returning: ()
[debug] deducing auto plugins based on known facts Set(Atom(sbt.plugins.CorePlugin)) and clauses Clauses(List(Clause(Atom(sbt.plugins.JvmPlugin),Set(Atom(sbt.plugins.IvyPlugin))), Clause(Atom(sbt.ScriptedPlugin),Set(Atom(sbt.plugins.JvmPlugin))), Clause(Atom(sbt.plugins.SbtPlugin),Set(Atom(sbt.ScriptedPlugin))), Clause(Atom(sbt.plugins.SemanticdbPlugin),Set(Atom(sbt.plugins.JvmPlugin))), Clause(Atom(sbt.plugins.JUnitXmlReportPlugin),Set(Atom(sbt.plugins.JvmPlugin))), Clause(Atom(sbt.plugins.MiniDependencyTreePlugin),Set(Atom(sbt.plugins.JvmPlugin))), Clause(Atom(sbt.plugins.CorePlugin),Set(Atom(sbt.plugins.IvyPlugin))), Clause(Atom(sbt.plugins.IvyPlugin),Set(Atom(sbt.plugins.JvmPlugin))), Clause(Atom(sbt.plugins.JvmPlugin),Set(Atom(sbt.plugins.SemanticdbPlugin))), Clause(Atom(sbt.plugins.JvmPlugin),Set(Atom(sbt.plugins.JUnitXmlReportPlugin))), Clause(Atom(sbt.plugins.CorePlugin),Set(Atom(sbt.plugins.Giter8TemplatePlugin))), Clause(Atom(sbt.plugins.JvmPlugin),Set(Atom(sbt.plugins.MiniDependencyTreePlugin)))))
[debug]   :: deduced result: Matched(sbt.plugins.CorePlugin,sbt.plugins.Giter8TemplatePlugin,sbt.plugins.IvyPlugin,sbt.plugins.JvmPlugin,sbt.plugins.MiniDependencyTreePlugin,sbt.plugins.JUnitXmlReportPlugin,sbt.plugins.SemanticdbPlugin)
[debug] Plugins.deducer#function took 22.092454 ms
[debug]           Load.resolveProject(global-plugins) took 47.791588ms
[debug]         Load.loadTransitive: finalizeProject(Project(id global-plugins, base: /Users/bsnbk/.sbt/1.0/plugins, plugins: List(<none>))) took 100.004382ms
[debug] [Loading] Done in /Users/bsnbk/.sbt/1.0/plugins, returning: (global-plugins)
[debug]       Load.loadUnit: loadedProjectsRaw took 124.333375ms
[debug]       Load.loadUnit: cleanEvalClasses took 0.284006ms
[debug]     Load.loadUnit(file:/Users/bsnbk/.sbt/1.0/plugins/, ...) took 320.811037ms
[debug]   Load.apply: load took 5578.26757ms
[debug]   Load.apply: resolveProjects took 6.383568ms
[debug]   Load.apply: finalTransforms took 57.401274ms
[debug]   Load.apply: config.delegates took 7.434698ms
[debug]   Load.apply: Def.make(settings)... took 360.753395ms
[debug]   Load.apply: structureIndex took 110.49317ms
[debug]   Load.apply: mkStreams took 1.619518ms
[info] loading global plugins from /Users/bsnbk/.sbt/1.0/plugins
[debug] Running task... Cancel: Signal, check cycles: false, forcegc: true
[debug] Load.defaultLoad until apply took 12339.299027ms
[debug]           Load.loadUnit: plugins took 12.607169ms
[debug]           Load.loadUnit: defsScala took 0.00362ms
[debug] [Loading] Scanning directory /Users/bsnbk/Documents/KBTU/2020/backend/week 11/ProcessorFibonacci/project
[debug] [Loading] Found non-root projects 
[debug] [Loading] Done in /Users/bsnbk/Documents/KBTU/2020/backend/week 11/ProcessorFibonacci/project, returning: ()
[debug] deducing auto plugins based on known facts Set(Atom(sbt.plugins.CorePlugin)) and clauses Clauses(List(Clause(Atom(sbt.plugins.JvmPlugin),Set(Atom(sbt.plugins.IvyPlugin))), Clause(Atom(sbt.ScriptedPlugin),Set(Atom(sbt.plugins.JvmPlugin))), Clause(Atom(sbt.plugins.SbtPlugin),Set(Atom(sbt.ScriptedPlugin))), Clause(Atom(sbt.plugins.SemanticdbPlugin),Set(Atom(sbt.plugins.JvmPlugin))), Clause(Atom(sbt.plugins.JUnitXmlReportPlugin),Set(Atom(sbt.plugins.JvmPlugin))), Clause(Atom(sbt.plugins.MiniDependencyTreePlugin),Set(Atom(sbt.plugins.JvmPlugin))), Clause(Atom(sbt.plugins.CorePlugin),Set(Atom(sbt.plugins.IvyPlugin))), Clause(Atom(sbt.plugins.IvyPlugin),Set(Atom(sbt.plugins.JvmPlugin))), Clause(Atom(sbt.plugins.JvmPlugin),Set(Atom(sbt.plugins.SemanticdbPlugin))), Clause(Atom(sbt.plugins.JvmPlugin),Set(Atom(sbt.plugins.JUnitXmlReportPlugin))), Clause(Atom(sbt.plugins.CorePlugin),Set(Atom(sbt.plugins.Giter8TemplatePlugin))), Clause(Atom(sbt.plugins.JvmPlugin),Set(Atom(sbt.plugins.MiniDependencyTreePlugin)))))
[debug]   :: deduced result: Matched(sbt.plugins.CorePlugin,sbt.plugins.Giter8TemplatePlugin,sbt.plugins.IvyPlugin,sbt.plugins.JvmPlugin,sbt.plugins.MiniDependencyTreePlugin,sbt.plugins.JUnitXmlReportPlugin,sbt.plugins.SemanticdbPlugin)
[debug] Plugins.deducer#function took 2.084371 ms
[debug]               Load.resolveProject(processorfibonacci-build) took 1.226803ms
[debug]             Load.loadTransitive: finalizeProject(Project(id processorfibonacci-build, base: /Users/bsnbk/Documents/KBTU/2020/backend/week 11/ProcessorFibonacci/project, plugins: List(<none>))) took 3.810189ms
[debug] [Loading] Done in /Users/bsnbk/Documents/KBTU/2020/backend/week 11/ProcessorFibonacci/project, returning: (processorfibonacci-build)
[debug]           Load.loadUnit: loadedProjectsRaw took 5.554897ms
[debug]           Load.loadUnit: cleanEvalClasses took 0.008503ms
[debug]         Load.loadUnit(file:/Users/bsnbk/Documents/KBTU/2020/backend/week%2011/ProcessorFibonacci/project/, ...) took 18.839921ms
[debug]       Load.apply: load took 19.866499ms
[debug]       Load.apply: resolveProjects took 0.103232ms
[debug]       Load.apply: finalTransforms took 7.23111ms
[debug]       Load.apply: config.delegates took 0.434784ms
[debug]       Load.apply: Def.make(settings)... took 51.774879ms
[debug]       Load.apply: structureIndex took 16.996726ms
[debug]       Load.apply: mkStreams took 0.002879ms
[info] loading project definition from /Users/bsnbk/Documents/KBTU/2020/backend/week 11/ProcessorFibonacci/project
[debug] Running task... Cancel: Signal, check cycles: false, forcegc: true
[debug]     Load.loadUnit: plugins took 225.655096ms
[debug]     Load.loadUnit: defsScala took 0.003012ms
[debug] [Loading] Scanning directory /Users/bsnbk/Documents/KBTU/2020/backend/week 11/ProcessorFibonacci
[debug]       Load.loadUnit: mkEval took 8.733922ms
[debug] [Loading] Found non-root projects 
[debug] [Loading] Done in /Users/bsnbk/Documents/KBTU/2020/backend/week 11/ProcessorFibonacci, returning: ()
[debug] deducing auto plugins based on known facts Set(Atom(sbt.plugins.CorePlugin)) and clauses Clauses(List(Clause(Atom(sbt.plugins.JvmPlugin),Set(Atom(sbt.plugins.IvyPlugin))), Clause(Atom(sbt.ScriptedPlugin),Set(Atom(sbt.plugins.JvmPlugin))), Clause(Atom(sbt.plugins.SbtPlugin),Set(Atom(sbt.ScriptedPlugin))), Clause(Atom(sbt.plugins.SemanticdbPlugin),Set(Atom(sbt.plugins.JvmPlugin))), Clause(Atom(sbt.plugins.JUnitXmlReportPlugin),Set(Atom(sbt.plugins.JvmPlugin))), Clause(Atom(sbt.plugins.MiniDependencyTreePlugin),Set(Atom(sbt.plugins.JvmPlugin))), Clause(Atom(sbt.plugins.CorePlugin),Set(Atom(sbt.plugins.IvyPlugin))), Clause(Atom(sbt.plugins.IvyPlugin),Set(Atom(sbt.plugins.JvmPlugin))), Clause(Atom(sbt.plugins.JvmPlugin),Set(Atom(sbt.plugins.SemanticdbPlugin))), Clause(Atom(sbt.plugins.JvmPlugin),Set(Atom(sbt.plugins.JUnitXmlReportPlugin))), Clause(Atom(sbt.plugins.CorePlugin),Set(Atom(sbt.plugins.Giter8TemplatePlugin))), Clause(Atom(sbt.plugins.JvmPlugin),Set(Atom(sbt.plugins.MiniDependencyTreePlugin)))))
[debug]   :: deduced result: Matched(sbt.plugins.CorePlugin,sbt.plugins.Giter8TemplatePlugin,sbt.plugins.IvyPlugin,sbt.plugins.JvmPlugin,sbt.plugins.MiniDependencyTreePlugin,sbt.plugins.JUnitXmlReportPlugin,sbt.plugins.SemanticdbPlugin)
[debug] Plugins.deducer#function took 1.629677 ms
[info] loading settings for project processorfibonacci from build.sbt ...
[debug]         Load.resolveProject(processorfibonacci) took 2.618589ms
[debug]       Load.loadTransitive: finalizeProject(Project(id processorfibonacci, base: /Users/bsnbk/Documents/KBTU/2020/backend/week 11/ProcessorFibonacci, plugins: List(<none>))) took 4.771777ms
[debug] [Loading] Done in /Users/bsnbk/Documents/KBTU/2020/backend/week 11/ProcessorFibonacci, returning: (processorfibonacci)
[debug]     Load.loadUnit: loadedProjectsRaw took 135.720881ms
[debug]     Load.loadUnit: cleanEvalClasses took 6.591459ms
[debug]   Load.loadUnit(file:/Users/bsnbk/Documents/KBTU/2020/backend/week%2011/ProcessorFibonacci/, ...) took 368.786055ms
[debug] Load.apply: load took 369.989719ms
[debug] Load.apply: resolveProjects took 0.098657ms
[debug] Load.apply: finalTransforms took 5.953219ms
[debug] Load.apply: config.delegates took 0.319626ms
[debug] Load.apply: Def.make(settings)... took 86.927134ms
[debug] Load.apply: structureIndex took 19.012317ms
[debug] Load.apply: mkStreams took 0.001836ms
[info] set current project to ProcessorFibonacci (in build file:/Users/bsnbk/Documents/KBTU/2020/backend/week%2011/ProcessorFibonacci/)
[debug] > Exec(sbtPopOnFailure, None, None)
[debug] > Exec(resumeFromFailure, None, None)
[debug] > Exec(notifyUsersAboutShell, None, None)
[debug] > Exec(iflast shell, None, None)
[debug] > Exec(run, None, None)
[debug] Evaluating tasks: Compile / run
[debug] Running task... Cancel: Signal, check cycles: false, forcegc: true
[info] compiling 4 Scala sources to /Users/bsnbk/Documents/KBTU/2020/backend/week 11/ProcessorFibonacci/target/scala-2.13/classes ...
[info] done compiling
