[debug] > Exec(early(addDefaultCommands), None, None)
[debug] > Exec(addDefaultCommands, None, None)
[debug] > Exec(early(initialize), None, None)
[debug] > Exec(initialize, None, None)
[debug] > Exec(boot, None, None)
[debug] > Exec(writeSbtVersion, None, None)
[debug] > Exec(reload, None, None)
[debug] > Exec(sbtStashOnFailure, None, None)
[debug] > Exec(onFailure loadFailed, None, None)
[debug] > Exec(loadp, None, None)
[info] welcome to sbt 1.4.2 (Oracle Corporation Java 1.8.0_241)
[debug]       Load.loadUnit: plugins took 238.753769ms
[debug]       Load.loadUnit: defsScala took 0.435341ms
[debug] [Loading] Scanning directory /Users/bsnbk/.sbt/1.0/plugins
[debug] [Loading] Found non-root projects 
[debug] [Loading] Done in /Users/bsnbk/.sbt/1.0/plugins, returning: ()
[debug] deducing auto plugins based on known facts Set(Atom(sbt.plugins.CorePlugin)) and clauses Clauses(List(Clause(Atom(sbt.plugins.JvmPlugin),Set(Atom(sbt.plugins.IvyPlugin))), Clause(Atom(sbt.ScriptedPlugin),Set(Atom(sbt.plugins.JvmPlugin))), Clause(Atom(sbt.plugins.SbtPlugin),Set(Atom(sbt.ScriptedPlugin))), Clause(Atom(sbt.plugins.SemanticdbPlugin),Set(Atom(sbt.plugins.JvmPlugin))), Clause(Atom(sbt.plugins.JUnitXmlReportPlugin),Set(Atom(sbt.plugins.JvmPlugin))), Clause(Atom(sbt.plugins.MiniDependencyTreePlugin),Set(Atom(sbt.plugins.JvmPlugin))), Clause(Atom(sbt.plugins.CorePlugin),Set(Atom(sbt.plugins.IvyPlugin))), Clause(Atom(sbt.plugins.IvyPlugin),Set(Atom(sbt.plugins.JvmPlugin))), Clause(Atom(sbt.plugins.JvmPlugin),Set(Atom(sbt.plugins.SemanticdbPlugin))), Clause(Atom(sbt.plugins.JvmPlugin),Set(Atom(sbt.plugins.JUnitXmlReportPlugin))), Clause(Atom(sbt.plugins.CorePlugin),Set(Atom(sbt.plugins.Giter8TemplatePlugin))), Clause(Atom(sbt.plugins.JvmPlugin),Set(Atom(sbt.plugins.MiniDependencyTreePlugin)))))
[debug]   :: deduced result: Matched(sbt.plugins.CorePlugin,sbt.plugins.Giter8TemplatePlugin,sbt.plugins.IvyPlugin,sbt.plugins.JvmPlugin,sbt.plugins.MiniDependencyTreePlugin,sbt.plugins.JUnitXmlReportPlugin,sbt.plugins.SemanticdbPlugin)
[debug] Plugins.deducer#function took 28.385848 ms
[debug]           Load.resolveProject(global-plugins) took 62.305625ms
[debug]         Load.loadTransitive: finalizeProject(Project(id global-plugins, base: /Users/bsnbk/.sbt/1.0/plugins, plugins: List(<none>))) took 126.219479ms
[debug] [Loading] Done in /Users/bsnbk/.sbt/1.0/plugins, returning: (global-plugins)
[debug]       Load.loadUnit: loadedProjectsRaw took 157.974959ms
[debug]       Load.loadUnit: cleanEvalClasses took 0.396291ms
[debug]     Load.loadUnit(file:/Users/bsnbk/.sbt/1.0/plugins/, ...) took 409.206916ms
[debug]   Load.apply: load took 5769.221313ms
[debug]   Load.apply: resolveProjects took 8.677892ms
[debug]   Load.apply: finalTransforms took 64.693254ms
[debug]   Load.apply: config.delegates took 8.785368ms
[debug]   Load.apply: Def.make(settings)... took 437.425681ms
[debug]   Load.apply: structureIndex took 95.629891ms
[debug]   Load.apply: mkStreams took 1.895285ms
[info] loading global plugins from /Users/bsnbk/.sbt/1.0/plugins
[debug] Running task... Cancel: Signal, check cycles: false, forcegc: true
[debug] Load.defaultLoad until apply took 13131.790375ms
[debug]           Load.loadUnit: plugins took 15.387839ms
[debug]           Load.loadUnit: defsScala took 0.003788ms
[debug] [Loading] Scanning directory /Users/bsnbk/Documents/KBTU/2020/backend/week 10/project
[debug] [Loading] Found non-root projects 
[debug] [Loading] Done in /Users/bsnbk/Documents/KBTU/2020/backend/week 10/project, returning: ()
[debug] deducing auto plugins based on known facts Set(Atom(sbt.plugins.CorePlugin)) and clauses Clauses(List(Clause(Atom(sbt.plugins.JvmPlugin),Set(Atom(sbt.plugins.IvyPlugin))), Clause(Atom(sbt.ScriptedPlugin),Set(Atom(sbt.plugins.JvmPlugin))), Clause(Atom(sbt.plugins.SbtPlugin),Set(Atom(sbt.ScriptedPlugin))), Clause(Atom(sbt.plugins.SemanticdbPlugin),Set(Atom(sbt.plugins.JvmPlugin))), Clause(Atom(sbt.plugins.JUnitXmlReportPlugin),Set(Atom(sbt.plugins.JvmPlugin))), Clause(Atom(sbt.plugins.MiniDependencyTreePlugin),Set(Atom(sbt.plugins.JvmPlugin))), Clause(Atom(sbt.plugins.CorePlugin),Set(Atom(sbt.plugins.IvyPlugin))), Clause(Atom(sbt.plugins.IvyPlugin),Set(Atom(sbt.plugins.JvmPlugin))), Clause(Atom(sbt.plugins.JvmPlugin),Set(Atom(sbt.plugins.SemanticdbPlugin))), Clause(Atom(sbt.plugins.JvmPlugin),Set(Atom(sbt.plugins.JUnitXmlReportPlugin))), Clause(Atom(sbt.plugins.CorePlugin),Set(Atom(sbt.plugins.Giter8TemplatePlugin))), Clause(Atom(sbt.plugins.JvmPlugin),Set(Atom(sbt.plugins.MiniDependencyTreePlugin)))))
[debug]   :: deduced result: Matched(sbt.plugins.CorePlugin,sbt.plugins.Giter8TemplatePlugin,sbt.plugins.IvyPlugin,sbt.plugins.JvmPlugin,sbt.plugins.MiniDependencyTreePlugin,sbt.plugins.JUnitXmlReportPlugin,sbt.plugins.SemanticdbPlugin)
[debug] Plugins.deducer#function took 2.035758 ms
[debug]               Load.resolveProject(week-10-build) took 1.149962ms
[debug]             Load.loadTransitive: finalizeProject(Project(id week-10-build, base: /Users/bsnbk/Documents/KBTU/2020/backend/week 10/project, plugins: List(<none>))) took 3.71696ms
[debug] [Loading] Done in /Users/bsnbk/Documents/KBTU/2020/backend/week 10/project, returning: (week-10-build)
[debug]           Load.loadUnit: loadedProjectsRaw took 5.466993ms
[debug]           Load.loadUnit: cleanEvalClasses took 0.016658ms
[debug]         Load.loadUnit(file:/Users/bsnbk/Documents/KBTU/2020/backend/week%2010/project/, ...) took 21.618107ms
[debug]       Load.apply: load took 22.826936ms
[debug]       Load.apply: resolveProjects took 0.119149ms
[debug]       Load.apply: finalTransforms took 8.564375ms
[debug]       Load.apply: config.delegates took 0.527003ms
[debug]       Load.apply: Def.make(settings)... took 65.989157ms
[debug]       Load.apply: structureIndex took 23.43866ms
[debug]       Load.apply: mkStreams took 0.002488ms
[info] loading project definition from /Users/bsnbk/Documents/KBTU/2020/backend/week 10/project
[debug] Running task... Cancel: Signal, check cycles: false, forcegc: true
[debug]     Load.loadUnit: plugins took 314.674705ms
[debug]     Load.loadUnit: defsScala took 0.002928ms
[debug] [Loading] Scanning directory /Users/bsnbk/Documents/KBTU/2020/backend/week 10
[debug]       Load.loadUnit: mkEval took 8.864765ms
[debug] [Loading] Found non-root projects 
[debug] [Loading] Done in /Users/bsnbk/Documents/KBTU/2020/backend/week 10, returning: ()
[debug] deducing auto plugins based on known facts Set(Atom(sbt.plugins.CorePlugin)) and clauses Clauses(List(Clause(Atom(sbt.plugins.JvmPlugin),Set(Atom(sbt.plugins.IvyPlugin))), Clause(Atom(sbt.ScriptedPlugin),Set(Atom(sbt.plugins.JvmPlugin))), Clause(Atom(sbt.plugins.SbtPlugin),Set(Atom(sbt.ScriptedPlugin))), Clause(Atom(sbt.plugins.SemanticdbPlugin),Set(Atom(sbt.plugins.JvmPlugin))), Clause(Atom(sbt.plugins.JUnitXmlReportPlugin),Set(Atom(sbt.plugins.JvmPlugin))), Clause(Atom(sbt.plugins.MiniDependencyTreePlugin),Set(Atom(sbt.plugins.JvmPlugin))), Clause(Atom(sbt.plugins.CorePlugin),Set(Atom(sbt.plugins.IvyPlugin))), Clause(Atom(sbt.plugins.IvyPlugin),Set(Atom(sbt.plugins.JvmPlugin))), Clause(Atom(sbt.plugins.JvmPlugin),Set(Atom(sbt.plugins.SemanticdbPlugin))), Clause(Atom(sbt.plugins.JvmPlugin),Set(Atom(sbt.plugins.JUnitXmlReportPlugin))), Clause(Atom(sbt.plugins.CorePlugin),Set(Atom(sbt.plugins.Giter8TemplatePlugin))), Clause(Atom(sbt.plugins.JvmPlugin),Set(Atom(sbt.plugins.MiniDependencyTreePlugin)))))
[debug]   :: deduced result: Matched(sbt.plugins.CorePlugin,sbt.plugins.Giter8TemplatePlugin,sbt.plugins.IvyPlugin,sbt.plugins.JvmPlugin,sbt.plugins.MiniDependencyTreePlugin,sbt.plugins.JUnitXmlReportPlugin,sbt.plugins.SemanticdbPlugin)
[debug] Plugins.deducer#function took 1.901773 ms
[info] loading settings for project week-10 from build.sbt ...
[debug]         Load.resolveProject(week-10) took 2.764516ms
[debug]       Load.loadTransitive: finalizeProject(Project(id week-10, base: /Users/bsnbk/Documents/KBTU/2020/backend/week 10, plugins: List(<none>))) took 5.209843ms
[debug] [Loading] Done in /Users/bsnbk/Documents/KBTU/2020/backend/week 10, returning: (week-10)
[debug]     Load.loadUnit: loadedProjectsRaw took 154.026409ms
[debug]     Load.loadUnit: cleanEvalClasses took 6.127895ms
[debug]   Load.loadUnit(file:/Users/bsnbk/Documents/KBTU/2020/backend/week%2010/, ...) took 475.567571ms
[debug] Load.apply: load took 476.847171ms
[debug] Load.apply: resolveProjects took 0.096968ms
[debug] Load.apply: finalTransforms took 6.218089ms
[debug] Load.apply: config.delegates took 0.334345ms
[debug] Load.apply: Def.make(settings)... took 104.943769ms
[debug] Load.apply: structureIndex took 21.158345ms
[debug] Load.apply: mkStreams took 0.002775ms
[info] set current project to week 10 (in build file:/Users/bsnbk/Documents/KBTU/2020/backend/week%2010/)
[debug] > Exec(sbtPopOnFailure, None, None)
[debug] > Exec(resumeFromFailure, None, None)
[debug] > Exec(notifyUsersAboutShell, None, None)
[debug] > Exec(iflast shell, None, None)
[debug] > Exec(run, None, None)
[debug] Evaluating tasks: Compile / run
[debug] Running task... Cancel: Signal, check cycles: false, forcegc: true
[info] compiling 1 Scala source to /Users/bsnbk/Documents/KBTU/2020/backend/week 10/target/scala-2.13/classes ...
[warn] 2 deprecations (since 2.13.0)
[warn] 1 deprecation (since 2.13.3)
[warn] 3 deprecations in total; re-run with -deprecation for details
[warn] three warnings found
[info] done compiling
