[debug] > Exec(early(addDefaultCommands), None, None)
[debug] > Exec(addDefaultCommands, None, None)
[debug] > Exec(early(initialize), None, None)
[debug] > Exec(initialize, None, None)
[debug] > Exec(boot, None, None)
[debug] > Exec(writeSbtVersion, None, None)
[debug] > Exec(reload, None, None)
[debug] > Exec(sbtStashOnFailure, None, None)
[debug] > Exec(onFailure loadFailed, None, None)
[debug] > Exec(loadp, None, None)
[info] welcome to sbt 1.4.1 (Oracle Corporation Java 1.8.0_241)
[debug]       Load.loadUnit: plugins took 259.888601ms
[debug]       Load.loadUnit: defsScala took 0.470449ms
[debug] [Loading] Scanning directory /Users/bsnbk/.sbt/1.0/plugins
[debug] [Loading] Found non-root projects 
[debug] [Loading] Done in /Users/bsnbk/.sbt/1.0/plugins, returning: ()
[debug] deducing auto plugins based on known facts Set(Atom(sbt.plugins.CorePlugin)) and clauses Clauses(List(Clause(Atom(sbt.plugins.JvmPlugin),Set(Atom(sbt.plugins.IvyPlugin))), Clause(Atom(sbt.ScriptedPlugin),Set(Atom(sbt.plugins.JvmPlugin))), Clause(Atom(sbt.plugins.SbtPlugin),Set(Atom(sbt.ScriptedPlugin))), Clause(Atom(sbt.plugins.SemanticdbPlugin),Set(Atom(sbt.plugins.JvmPlugin))), Clause(Atom(sbt.plugins.JUnitXmlReportPlugin),Set(Atom(sbt.plugins.JvmPlugin))), Clause(Atom(sbt.plugins.MiniDependencyTreePlugin),Set(Atom(sbt.plugins.JvmPlugin))), Clause(Atom(sbt.plugins.CorePlugin),Set(Atom(sbt.plugins.IvyPlugin))), Clause(Atom(sbt.plugins.IvyPlugin),Set(Atom(sbt.plugins.JvmPlugin))), Clause(Atom(sbt.plugins.JvmPlugin),Set(Atom(sbt.plugins.SemanticdbPlugin))), Clause(Atom(sbt.plugins.JvmPlugin),Set(Atom(sbt.plugins.JUnitXmlReportPlugin))), Clause(Atom(sbt.plugins.CorePlugin),Set(Atom(sbt.plugins.Giter8TemplatePlugin))), Clause(Atom(sbt.plugins.JvmPlugin),Set(Atom(sbt.plugins.MiniDependencyTreePlugin)))))
[debug]   :: deduced result: Matched(sbt.plugins.CorePlugin,sbt.plugins.Giter8TemplatePlugin,sbt.plugins.IvyPlugin,sbt.plugins.JvmPlugin,sbt.plugins.MiniDependencyTreePlugin,sbt.plugins.JUnitXmlReportPlugin,sbt.plugins.SemanticdbPlugin)
[debug] Plugins.deducer#function took 31.878295 ms
[debug]           Load.resolveProject(global-plugins) took 67.165896ms
[debug]         Load.loadTransitive: finalizeProject(Project(id global-plugins, base: /Users/bsnbk/.sbt/1.0/plugins, plugins: List(<none>))) took 139.47442ms
[debug] [Loading] Done in /Users/bsnbk/.sbt/1.0/plugins, returning: (global-plugins)
[debug]       Load.loadUnit: loadedProjectsRaw took 173.792996ms
[debug]       Load.loadUnit: cleanEvalClasses took 0.452581ms
[debug]     Load.loadUnit(file:/Users/bsnbk/.sbt/1.0/plugins/, ...) took 446.910563ms
[debug]   Load.apply: load took 5841.809139ms
[debug]   Load.apply: resolveProjects took 8.350065ms
[debug]   Load.apply: finalTransforms took 67.034257ms
[debug]   Load.apply: config.delegates took 8.368521ms
[debug]   Load.apply: Def.make(settings)... took 426.863282ms
[debug]   Load.apply: structureIndex took 99.883346ms
[debug]   Load.apply: mkStreams took 1.865908ms
[info] loading global plugins from /Users/bsnbk/.sbt/1.0/plugins
[debug] Running task... Cancel: Signal, check cycles: false, forcegc: true
[debug] Load.defaultLoad until apply took 13346.532567ms
[debug]           Load.loadUnit: plugins took 18.641814ms
[debug]           Load.loadUnit: defsScala took 0.005022ms
[debug] [Loading] Scanning directory /Users/bsnbk/Documents/KBTU/2020/backend/week 9 first part/project
[debug] [Loading] Found non-root projects 
[debug] [Loading] Done in /Users/bsnbk/Documents/KBTU/2020/backend/week 9 first part/project, returning: ()
[debug] deducing auto plugins based on known facts Set(Atom(sbt.plugins.CorePlugin)) and clauses Clauses(List(Clause(Atom(sbt.plugins.JvmPlugin),Set(Atom(sbt.plugins.IvyPlugin))), Clause(Atom(sbt.ScriptedPlugin),Set(Atom(sbt.plugins.JvmPlugin))), Clause(Atom(sbt.plugins.SbtPlugin),Set(Atom(sbt.ScriptedPlugin))), Clause(Atom(sbt.plugins.SemanticdbPlugin),Set(Atom(sbt.plugins.JvmPlugin))), Clause(Atom(sbt.plugins.JUnitXmlReportPlugin),Set(Atom(sbt.plugins.JvmPlugin))), Clause(Atom(sbt.plugins.MiniDependencyTreePlugin),Set(Atom(sbt.plugins.JvmPlugin))), Clause(Atom(sbt.plugins.CorePlugin),Set(Atom(sbt.plugins.IvyPlugin))), Clause(Atom(sbt.plugins.IvyPlugin),Set(Atom(sbt.plugins.JvmPlugin))), Clause(Atom(sbt.plugins.JvmPlugin),Set(Atom(sbt.plugins.SemanticdbPlugin))), Clause(Atom(sbt.plugins.JvmPlugin),Set(Atom(sbt.plugins.JUnitXmlReportPlugin))), Clause(Atom(sbt.plugins.CorePlugin),Set(Atom(sbt.plugins.Giter8TemplatePlugin))), Clause(Atom(sbt.plugins.JvmPlugin),Set(Atom(sbt.plugins.MiniDependencyTreePlugin)))))
[debug]   :: deduced result: Matched(sbt.plugins.CorePlugin,sbt.plugins.Giter8TemplatePlugin,sbt.plugins.IvyPlugin,sbt.plugins.JvmPlugin,sbt.plugins.MiniDependencyTreePlugin,sbt.plugins.JUnitXmlReportPlugin,sbt.plugins.SemanticdbPlugin)
[debug] Plugins.deducer#function took 1.691937 ms
[debug]               Load.resolveProject(week-9-first-part-build) took 1.276226ms
[debug]             Load.loadTransitive: finalizeProject(Project(id week-9-first-part-build, base: /Users/bsnbk/Documents/KBTU/2020/backend/week 9 first part/project, plugins: List(<none>))) took 3.472844ms
[debug] [Loading] Done in /Users/bsnbk/Documents/KBTU/2020/backend/week 9 first part/project, returning: (week-9-first-part-build)
[debug]           Load.loadUnit: loadedProjectsRaw took 5.355068ms
[debug]           Load.loadUnit: cleanEvalClasses took 0.009299ms
[debug]         Load.loadUnit(file:/Users/bsnbk/Documents/KBTU/2020/backend/week%209%20first%20part/project/, ...) took 24.698533ms
[debug]       Load.apply: load took 26.081448ms
[debug]       Load.apply: resolveProjects took 0.130141ms
[debug]       Load.apply: finalTransforms took 10.983623ms
[debug]       Load.apply: config.delegates took 0.438054ms
[debug]       Load.apply: Def.make(settings)... took 79.62518ms
[debug]       Load.apply: structureIndex took 26.902353ms
[debug]       Load.apply: mkStreams took 0.002316ms
[info] loading project definition from /Users/bsnbk/Documents/KBTU/2020/backend/week 9 first part/project
[debug] Running task... Cancel: Signal, check cycles: false, forcegc: true
[debug]     Load.loadUnit: plugins took 362.14675ms
[debug]     Load.loadUnit: defsScala took 0.003402ms
[debug] [Loading] Scanning directory /Users/bsnbk/Documents/KBTU/2020/backend/week 9 first part
[debug]       Load.loadUnit: mkEval took 8.670268ms
[debug] [Loading] Found non-root projects 
[debug] [Loading] Done in /Users/bsnbk/Documents/KBTU/2020/backend/week 9 first part, returning: ()
[debug] deducing auto plugins based on known facts Set(Atom(sbt.plugins.CorePlugin)) and clauses Clauses(List(Clause(Atom(sbt.plugins.JvmPlugin),Set(Atom(sbt.plugins.IvyPlugin))), Clause(Atom(sbt.ScriptedPlugin),Set(Atom(sbt.plugins.JvmPlugin))), Clause(Atom(sbt.plugins.SbtPlugin),Set(Atom(sbt.ScriptedPlugin))), Clause(Atom(sbt.plugins.SemanticdbPlugin),Set(Atom(sbt.plugins.JvmPlugin))), Clause(Atom(sbt.plugins.JUnitXmlReportPlugin),Set(Atom(sbt.plugins.JvmPlugin))), Clause(Atom(sbt.plugins.MiniDependencyTreePlugin),Set(Atom(sbt.plugins.JvmPlugin))), Clause(Atom(sbt.plugins.CorePlugin),Set(Atom(sbt.plugins.IvyPlugin))), Clause(Atom(sbt.plugins.IvyPlugin),Set(Atom(sbt.plugins.JvmPlugin))), Clause(Atom(sbt.plugins.JvmPlugin),Set(Atom(sbt.plugins.SemanticdbPlugin))), Clause(Atom(sbt.plugins.JvmPlugin),Set(Atom(sbt.plugins.JUnitXmlReportPlugin))), Clause(Atom(sbt.plugins.CorePlugin),Set(Atom(sbt.plugins.Giter8TemplatePlugin))), Clause(Atom(sbt.plugins.JvmPlugin),Set(Atom(sbt.plugins.MiniDependencyTreePlugin)))))
[debug]   :: deduced result: Matched(sbt.plugins.CorePlugin,sbt.plugins.Giter8TemplatePlugin,sbt.plugins.IvyPlugin,sbt.plugins.JvmPlugin,sbt.plugins.MiniDependencyTreePlugin,sbt.plugins.JUnitXmlReportPlugin,sbt.plugins.SemanticdbPlugin)
[debug] Plugins.deducer#function took 2.141266 ms
[info] loading settings for project week-9-first-part from build.sbt ...
[debug]         Load.resolveProject(week-9-first-part) took 3.957665ms
[debug]       Load.loadTransitive: finalizeProject(Project(id week-9-first-part, base: /Users/bsnbk/Documents/KBTU/2020/backend/week 9 first part, plugins: List(<none>))) took 6.807335ms
[debug] [Loading] Done in /Users/bsnbk/Documents/KBTU/2020/backend/week 9 first part, returning: (week-9-first-part)
[debug]     Load.loadUnit: loadedProjectsRaw took 173.845774ms
[debug]     Load.loadUnit: cleanEvalClasses took 8.509576ms
[debug]   Load.loadUnit(file:/Users/bsnbk/Documents/KBTU/2020/backend/week%209%20first%20part/, ...) took 545.179589ms
[debug] Load.apply: load took 546.641571ms
[debug] Load.apply: resolveProjects took 0.103198ms
[debug] Load.apply: finalTransforms took 6.552795ms
[debug] Load.apply: config.delegates took 0.487753ms
[debug] Load.apply: Def.make(settings)... took 110.764851ms
[debug] Load.apply: structureIndex took 20.929978ms
[debug] Load.apply: mkStreams took 0.002276ms
[info] set current project to akka-http-sample (in build file:/Users/bsnbk/Documents/KBTU/2020/backend/week%209%20first%20part/)
[debug] > Exec(sbtPopOnFailure, None, None)
[debug] > Exec(resumeFromFailure, None, None)
[debug] > Exec(notifyUsersAboutShell, None, None)
[debug] > Exec(iflast shell, None, None)
[debug] > Exec(run, None, None)
[debug] Evaluating tasks: Compile / run
[debug] Running task... Cancel: Signal, check cycles: false, forcegc: true
[info] compiling 1 Scala source to /Users/bsnbk/Documents/KBTU/2020/backend/week 9 first part/target/scala-2.13/classes ...
[info] done compiling
